0 info it worked if it ends with ok
1 verbose cli [ 'C:\\Program Files\\nodejs\\node.exe',
1 verbose cli   'C:\\Program Files\\nodejs\\node_modules\\npm\\bin\\npm-cli.js',
1 verbose cli   'start' ]
2 info using npm@3.10.3
3 info using node@v6.6.0
4 verbose run-script [ 'prestart', 'start', 'poststart' ]
5 info lifecycle msg.SPA.Skeleton@~prestart: msg.SPA.Skeleton@
6 silly lifecycle msg.SPA.Skeleton@~prestart: no script for prestart, continuing
7 info lifecycle msg.SPA.Skeleton@~start: msg.SPA.Skeleton@
8 verbose lifecycle msg.SPA.Skeleton@~start: unsafe-perm in lifecycle true
9 verbose lifecycle msg.SPA.Skeleton@~start: PATH: C:\Program Files\nodejs\node_modules\npm\bin\node-gyp-bin;C:\Users\lubkowim\Documents\Techradar 2.0\01_source\node_modules\.bin;C:\Program Files\nodejs;C:\Program Files (x86)\Intel\iCLS Client\;C:\Program Files\Intel\iCLS Client\;C:\Windows\system32;C:\Windows;C:\Windows\System32\Wbem;C:\Windows\System32\WindowsPowerShell\v1.0\;C:\Windows\SysWOW64\Empirum;C:\Program Files\Intel\WiFi\bin\;C:\Program Files\Common Files\Intel\WirelessCommon\;C:\Program Files (x86)\Intel\Intel(R) Management Engine Components\DAL;C:\Program Files\Intel\Intel(R) Management Engine Components\DAL;C:\Program Files (x86)\Intel\Intel(R) Management Engine Components\IPT;C:\Program Files\Intel\Intel(R) Management Engine Components\IPT;C:\Program Files (x86)\Brackets\command;C:\Program Files\TortoiseSVN\bin;C:\Program Files\Git\cmd;C:\Program Files\nodejs\;C:\Users\lubkowim\AppData\Roaming\npm
10 verbose lifecycle msg.SPA.Skeleton@~start: CWD: C:\Users\lubkowim\Documents\Techradar 2.0\01_source
11 silly lifecycle msg.SPA.Skeleton@~start: Args: [ '/d /s /c', 'grunt' ]
12 silly lifecycle msg.SPA.Skeleton@~start: Returned: code: 6  signal: null
13 info lifecycle msg.SPA.Skeleton@~start: Failed to exec start script
14 verbose stack Error: msg.SPA.Skeleton@ start: `grunt`
14 verbose stack Exit status 6
14 verbose stack     at EventEmitter.<anonymous> (C:\Program Files\nodejs\node_modules\npm\lib\utils\lifecycle.js:242:16)
14 verbose stack     at emitTwo (events.js:106:13)
14 verbose stack     at EventEmitter.emit (events.js:191:7)
14 verbose stack     at ChildProcess.<anonymous> (C:\Program Files\nodejs\node_modules\npm\lib\utils\spawn.js:40:14)
14 verbose stack     at emitTwo (events.js:106:13)
14 verbose stack     at ChildProcess.emit (events.js:191:7)
14 verbose stack     at maybeClose (internal/child_process.js:877:16)
14 verbose stack     at Process.ChildProcess._handle.onexit (internal/child_process.js:226:5)
15 verbose pkgid msg.SPA.Skeleton@
16 verbose cwd C:\Users\lubkowim\Documents\Techradar 2.0\01_source
17 error Windows_NT 6.1.7601
18 error argv "C:\\Program Files\\nodejs\\node.exe" "C:\\Program Files\\nodejs\\node_modules\\npm\\bin\\npm-cli.js" "start"
19 error node v6.6.0
20 error npm  v3.10.3
21 error code ELIFECYCLE
22 error msg.SPA.Skeleton@ start: `grunt`
22 error Exit status 6
23 error Failed at the msg.SPA.Skeleton@ start script 'grunt'.
23 error Make sure you have the latest version of node.js and npm installed.
23 error If you do, this is most likely a problem with the msg.SPA.Skeleton package,
23 error not with npm itself.
23 error Tell the author that this fails on your system:
23 error     grunt
23 error You can get information on how to open an issue for this project with:
23 error     npm bugs msg.SPA.Skeleton
23 error Or if that isn't available, you can get their info via:
23 error     npm owner ls msg.SPA.Skeleton
23 error There is likely additional logging output above.
24 verbose exit [ 1, true ]
